2018-07-12 17:08:54 139892877490368 [Note] InnoDB: Mutexes and rw_locks use GCC atomic builtins
2018-07-12 17:08:54 139892877490368 [Note] InnoDB: Uses event mutexes
2018-07-12 17:08:54 139892877490368 [Note] InnoDB: Compressed tables use zlib 1.2.7
2018-07-12 17:08:54 139892877490368 [Note] InnoDB: Using Linux native AIO
2018-07-12 17:08:54 139892877490368 [Note] InnoDB: Number of pools: 1
2018-07-12 17:08:54 139892877490368 [Note] InnoDB: Using SSE2 crc32 instructions
2018-07-12 17:08:54 139892877490368 [Note] InnoDB: Initializing buffer pool, total size = 128M, instances = 1, chunk size = 128M
2018-07-12 17:08:54 139892877490368 [Note] InnoDB: Completed initialization of buffer pool
2018-07-12 17:08:54 139892089452288 [Note] InnoDB: If the mysqld execution user is authorized, page cleaner thread priority can be changed. See the man page of setpriority().
2018-07-12 17:08:54 139892877490368 [Note] InnoDB: The first innodb_system data file 'ibdata1' did not exist. A new tablespace will be created!
2018-07-12 17:08:54 139892877490368 [Note] InnoDB: Setting file './ibdata1' size to 12 MB. Physically writing the file full; Please wait ...
2018-07-12 17:08:55 139892877490368 [Note] InnoDB: File './ibdata1' size is now 12 MB.
2018-07-12 17:08:55 139892877490368 [Note] InnoDB: Setting log file ./ib_logfile101 size to 50331648 bytes
2018-07-12 17:08:58 139892877490368 [Note] InnoDB: Setting log file ./ib_logfile1 size to 50331648 bytes
2018-07-12 17:09:01 139892877490368 [Note] InnoDB: Renaming log file ./ib_logfile101 to ./ib_logfile0
2018-07-12 17:09:01 139892877490368 [Note] InnoDB: New log files created, LSN=45790
2018-07-12 17:09:01 139892877490368 [Note] InnoDB: Doublewrite buffer not found: creating new
2018-07-12 17:09:01 139892877490368 [Note] InnoDB: Doublewrite buffer created
2018-07-12 17:09:01 139892877490368 [Note] InnoDB: 128 out of 128 rollback segments are active.
2018-07-12 17:09:01 139892877490368 [Note] InnoDB: Creating foreign key constraint system tables.
2018-07-12 17:09:01 139892877490368 [Note] InnoDB: Creating tablespace and datafile system tables.
2018-07-12 17:09:01 139892877490368 [Note] InnoDB: Creating sys_virtual system tables.
2018-07-12 17:09:01 139892877490368 [Note] InnoDB: Creating shared tablespace for temporary tables
2018-07-12 17:09:01 139892877490368 [Note] InnoDB: Setting file './ibtmp1' size to 12 MB. Physically writing the file full; Please wait ...
2018-07-12 17:09:02 139892877490368 [Note] InnoDB: File './ibtmp1' size is now 12 MB.
2018-07-12 17:09:02 139892877490368 [Note] InnoDB: Waiting for purge to start
2018-07-12 17:09:02 139892877490368 [Note] InnoDB: 5.7.22 started; log sequence number 0
2018-07-12 17:09:02 139892877490368 [Note] Plugin 'FEEDBACK' is disabled.
2018-07-12 17:09:02 139892877490368 [ERROR] Can't open and lock privilege tables: Table 'mysql.servers' doesn't exist
2018-07-12 17:09:02 139892877490368 [Note] Server socket created on IP: '::'.
2018-07-12 17:09:02 139892877490368 [Warning] Can't open and lock time zone table: Table 'mysql.time_zone_leap_second' doesn't exist trying to live without them
2018-07-12 17:09:02 139892724651776 [Warning] Failed to load slave replication state from table mysql.gtid_slave_pos: 1146: Table 'mysql.gtid_slave_pos' doesn't exist
2018-07-12 17:09:02 139892877490368 [Note] Reading of all Master_info entries succeded
2018-07-12 17:09:02 139892877490368 [Note] Added new Master_info '' to hash table
2018-07-12 17:09:02 139892877490368 [Note] /usr/sbin/mysqld: ready for connections.
Version: '10.2.16-MariaDB'  socket: '/var/lib/mysql/mysql.sock'  port: 3306  MariaDB Server
2018-07-12 17:10:45 139892724344576 [ERROR] InnoDB: Table `mysql`.`innodb_table_stats` not found.
