2018-07-12 17:12:24 139896275781824 [Note] InnoDB: Mutexes and rw_locks use GCC atomic builtins
2018-07-12 17:12:24 139896275781824 [Note] InnoDB: Uses event mutexes
2018-07-12 17:12:24 139896275781824 [Note] InnoDB: Compressed tables use zlib 1.2.7
2018-07-12 17:12:24 139896275781824 [Note] InnoDB: Using Linux native AIO
2018-07-12 17:12:24 139896275781824 [Note] InnoDB: Number of pools: 1
2018-07-12 17:12:24 139896275781824 [Note] InnoDB: Using SSE2 crc32 instructions
2018-07-12 17:12:24 139896275781824 [Note] InnoDB: Initializing buffer pool, total size = 128M, instances = 1, chunk size = 128M
2018-07-12 17:12:24 139896275781824 [Note] InnoDB: Completed initialization of buffer pool
2018-07-12 17:12:24 139895486826240 [Note] InnoDB: If the mysqld execution user is authorized, page cleaner thread priority can be changed. See the man page of setpriority().
2018-07-12 17:12:24 139896275781824 [Note] InnoDB: Highest supported file format is Barracuda.
2018-07-12 17:12:24 139896275781824 [Note] InnoDB: Starting crash recovery from checkpoint LSN=1608478
2018-07-12 17:12:24 139896275781824 [Note] InnoDB: 128 out of 128 rollback segments are active.
2018-07-12 17:12:24 139896275781824 [Note] InnoDB: Removed temporary tablespace data file: "ibtmp1"
2018-07-12 17:12:24 139896275781824 [Note] InnoDB: Creating shared tablespace for temporary tables
2018-07-12 17:12:24 139896275781824 [Note] InnoDB: Setting file './ibtmp1' size to 12 MB. Physically writing the file full; Please wait ...
2018-07-12 17:12:25 139896275781824 [Note] InnoDB: File './ibtmp1' size is now 12 MB.
2018-07-12 17:12:25 139896275781824 [Note] InnoDB: 5.7.22 started; log sequence number 1608487
2018-07-12 17:12:25 139895121106688 [Note] InnoDB: Loading buffer pool(s) from /var/lib/mysql/ib_buffer_pool
2018-07-12 17:12:25 139895121106688 [Note] InnoDB: Cannot open '/var/lib/mysql/ib_buffer_pool' for reading: No such file or directory
2018-07-12 17:12:25 139896275781824 [Note] Plugin 'FEEDBACK' is disabled.
2018-07-12 17:12:25 139896275781824 [Note] Recovering after a crash using tc.log
2018-07-12 17:12:25 139896275781824 [Note] Starting crash recovery...
2018-07-12 17:12:25 139896275781824 [Note] Crash recovery finished.
2018-07-12 17:12:25 139896275781824 [ERROR] Can't open and lock privilege tables: Table 'mysql.servers' doesn't exist
2018-07-12 17:12:25 139896275781824 [Note] Server socket created on IP: '::'.
2018-07-12 17:12:25 139896275781824 [Warning] Can't open and lock time zone table: Table 'mysql.time_zone_leap_second' doesn't exist trying to live without them
2018-07-12 17:12:25 139896147429120 [Warning] Failed to load slave replication state from table mysql.gtid_slave_pos: 1146: Table 'mysql.gtid_slave_pos' doesn't exist
2018-07-12 17:12:25 139896275781824 [Note] Reading of all Master_info entries succeded
2018-07-12 17:12:25 139896275781824 [Note] Added new Master_info '' to hash table
2018-07-12 17:12:25 139896275781824 [Note] /usr/sbin/mysqld: ready for connections.
Version: '10.2.16-MariaDB'  socket: '/var/lib/mysql/mysql.sock'  port: 3306  MariaDB Server
2018-07-12 17:12:53 139896147121920 [ERROR] InnoDB: Table `mysql`.`innodb_table_stats` not found.
